<?xml version="1.0" encoding="UTF-8"?>
<testng-results ignored="0" total="1" passed="1" failed="0" skipped="0">
  <reporter-output>
  </reporter-output>
  <suite started-at="2022-08-19T05:45:38Z" name="Default suite" finished-at="2022-08-19T05:45:38Z" duration-ms="40">
    <groups>
    </groups>
    <test started-at="2022-08-19T05:45:38Z" name="Default test" finished-at="2022-08-19T05:45:38Z" duration-ms="40">
      <class name="Stepdefinitions.demo">
        <test-method signature="sayhello()[pri:0, instance:Stepdefinitions.demo@302f7971]" started-at="2022-08-19T05:45:38Z" name="sayhello" finished-at="2022-08-19T05:45:38Z" duration-ms="8" status="PASS">
          <reporter-output>
          </reporter-output>
        </test-method> <!-- sayhello -->
      </class> <!-- Stepdefinitions.demo -->
    </test> <!-- Default test -->
  </suite> <!-- Default suite -->
</testng-results>
